[2026-03-26 15:52:21.293801] SYNC: Student ravi (101) | Total:6 Pres:4 New%:66.67
[2026-03-26 15:52:21.311946] SYNC: Student Sravani (105) | Total:5 Pres:2 New%:40.0
[2026-03-26 15:52:21.323525] SYNC: Student Vennela (106) | Total:5 Pres:3 New%:60.0
[2026-03-26 15:52:32.989851] SYNC: Student ravi (101) | Total:6 Pres:3 New%:50.0
[2026-03-26 15:52:33.002544] SYNC: Student Sravani (105) | Total:5 Pres:2 New%:40.0
[2026-03-26 15:52:33.016925] SYNC: Student Vennela (106) | Total:5 Pres:3 New%:60.0
[2026-03-26 15:52:47.837863] SYNC: Student ravi (101) | Total:6 Pres:3 New%:50.0
[2026-03-26 15:52:47.851836] SYNC: Student Sravani (105) | Total:5 Pres:3 New%:60.0
[2026-03-26 15:52:47.863320] SYNC: Student Vennela (106) | Total:5 Pres:3 New%:60.0
[2026-03-26 15:52:58.801781] SYNC: Student ravi (101) | Total:6 Pres:4 New%:66.67
[2026-03-26 15:52:58.805459] SYNC: Student Sravani (105) | Total:5 Pres:3 New%:60.0
[2026-03-26 15:52:58.821300] SYNC: Student Vennela (106) | Total:5 Pres:4 New%:80.0
[2026-03-26 15:53:04.950425] SYNC: Student ravi (101) | Total:6 Pres:4 New%:66.67
[2026-03-26 15:53:04.959303] SYNC: Student Sravani (105) | Total:5 Pres:3 New%:60.0
[2026-03-26 15:53:04.975031] SYNC: Student Vennela (106) | Total:5 Pres:4 New%:80.0
[2026-03-26 15:53:21.631436] SYNC: Student ravi (101) | Total:6 Pres:4 New%:66.67
[2026-03-26 15:53:21.646804] SYNC: Student Sravani (105) | Total:5 Pres:3 New%:60.0
[2026-03-26 15:53:21.657077] SYNC: Student Vennela (106) | Total:5 Pres:4 New%:80.0
[2026-03-26 15:53:29.694999] SYNC: Student ravi (101) | Total:6 Pres:4 New%:66.67
[2026-03-26 15:53:29.709660] SYNC: Student Sravani (105) | Total:5 Pres:3 New%:60.0
[2026-03-26 15:53:29.719198] SYNC: Student Vennela (106) | Total:5 Pres:4 New%:80.0
[2026-03-26 15:53:35.572222] SYNC: Student ravi (101) | Total:6 Pres:4 New%:66.67
[2026-03-26 15:53:35.588903] SYNC: Student Sravani (105) | Total:5 Pres:3 New%:60.0
[2026-03-26 15:53:35.599296] SYNC: Student Vennela (106) | Total:5 Pres:4 New%:80.0
[2026-03-26 15:53:43.744977] SYNC: Student ravi (101) | Total:6 Pres:4 New%:66.67
[2026-03-26 15:53:43.753461] SYNC: Student Sravani (105) | Total:5 Pres:3 New%:60.0
[2026-03-26 15:53:43.769343] SYNC: Student Vennela (106) | Total:5 Pres:4 New%:80.0
[2026-03-26 15:54:02.097718] SYNC: Student ravi (101) | Total:6 Pres:3 New%:50.0
[2026-03-26 15:54:02.108994] SYNC: Student Sravani (105) | Total:5 Pres:2 New%:40.0
[2026-03-26 15:54:02.130124] SYNC: Student Vennela (106) | Total:5 Pres:3 New%:60.0
[2026-03-26 15:54:10.930087] SYNC: Student ravi (101) | Total:6 Pres:3 New%:50.0
[2026-03-26 15:54:10.946239] SYNC: Student Sravani (105) | Total:5 Pres:2 New%:40.0
[2026-03-26 15:54:10.962221] SYNC: Student Vennela (106) | Total:5 Pres:3 New%:60.0
[2026-03-26 16:00:24.536505] SYNC: Student ravi (101) | Total:5 Pres:3 New%:60.0
[2026-03-26 16:00:24.546017] SYNC: Student Sravani (105) | Total:4 Pres:2 New%:50.0
[2026-03-26 16:00:24.546017] SYNC: Student Teja (201) | Total:1 Pres:1 New%:100.0
[2026-03-26 16:00:24.553981] SYNC: Student Sujatha (202) | Total:1 Pres:1 New%:100.0
[2026-03-26 16:00:24.555992] SYNC: Student Kavitha (203) | Total:1 Pres:1 New%:100.0
[2026-03-26 16:00:24.563042] SYNC: Student Praveen (204) | Total:1 Pres:1 New%:100.0
[2026-03-26 16:00:24.569061] SYNC: Student Praveen (301) | Total:0 Pres:0 New%:100.0
[2026-03-26 16:00:24.570084] SYNC: Student Suresh (302) | Total:0 Pres:0 New%:100.0
[2026-03-26 16:00:24.575703] SYNC: Student Harish (303) | Total:0 Pres:0 New%:100.0
[2026-03-26 16:00:24.579279] SYNC: Student Satish (304) | Total:0 Pres:0 New%:100.0
[2026-03-26 16:00:24.582310] SYNC: Student Suresh (401) | Total:0 Pres:0 New%:100.0
[2026-03-26 16:00:24.584319] SYNC: Student Lakshmi (402) | Total:0 Pres:0 New%:100.0
[2026-03-26 16:00:24.587335] SYNC: Student Mahesh (403) | Total:0 Pres:0 New%:100.0
[2026-03-26 16:00:24.591143] SYNC: Student Akhila (404) | Total:0 Pres:0 New%:100.0
[2026-03-26 16:00:24.593728] SYNC: Student Jyothi (405) | Total:0 Pres:0 New%:100.0
[2026-03-26 16:00:24.596578] SYNC: Student Naveen (501) | Total:0 Pres:0 New%:100.0
[2026-03-26 16:00:24.602115] SYNC: Student Jyothi (502) | Total:0 Pres:0 New%:100.0
[2026-03-26 16:00:24.602115] SYNC: Student Anitha (503) | Total:0 Pres:0 New%:100.0
[2026-03-26 16:00:24.607000] SYNC: Student Ganesh (504) | Total:0 Pres:0 New%:100.0
[2026-03-26 16:00:24.609011] SYNC: Student Teja (601) | Total:0 Pres:0 New%:100.0
[2026-03-26 16:00:24.611724] SYNC: Student Swathi (602) | Total:0 Pres:0 New%:100.0
[2026-03-26 16:00:24.615750] SYNC: Student Mahesh (603) | Total:0 Pres:0 New%:100.0
[2026-03-26 16:00:24.616758] SYNC: Student Rushithya (604) | Total:0 Pres:0 New%:100.0
[2026-03-26 16:00:24.618871] SYNC: Student Bhavani (701) | Total:0 Pres:0 New%:100.0
[2026-03-26 16:00:24.621004] SYNC: Student Radha (702) | Total:0 Pres:0 New%:100.0
[2026-03-26 16:00:24.622749] SYNC: Student Anitha (703) | Total:0 Pres:0 New%:100.0
[2026-03-26 16:00:24.624758] SYNC: Student Karthik (704) | Total:0 Pres:0 New%:100.0
[2026-03-26 16:00:24.628090] SYNC: Student Venkatesh (801) | Total:0 Pres:0 New%:100.0
[2026-03-26 16:00:24.630852] SYNC: Student Rushithya (802) | Total:0 Pres:0 New%:100.0
[2026-03-26 16:00:24.633255] SYNC: Student Rushithya (803) | Total:0 Pres:0 New%:100.0
[2026-03-26 16:00:24.637313] SYNC: Student Bhavani (804) | Total:0 Pres:0 New%:100.0
[2026-03-26 16:00:24.637313] SYNC: Student Kiran (901) | Total:0 Pres:0 New%:100.0
[2026-03-26 16:00:24.643715] SYNC: Student Radha (902) | Total:0 Pres:0 New%:100.0
[2026-03-26 16:00:24.645769] SYNC: Student Rajesh (903) | Total:0 Pres:0 New%:100.0
[2026-03-26 16:00:24.645769] SYNC: Student Rajesh (904) | Total:0 Pres:0 New%:100.0
[2026-03-26 16:00:24.651820] SYNC: Student Suresh (1001) | Total:0 Pres:0 New%:100.0
[2026-03-26 16:00:24.653867] SYNC: Student Sujatha (1002) | Total:0 Pres:0 New%:100.0
[2026-03-26 16:00:24.653867] SYNC: Student Praveen (1003) | Total:0 Pres:0 New%:100.0
[2026-03-26 16:00:24.653867] SYNC: Student Vennela (106) | Total:4 Pres:3 New%:75.0
[2026-03-26 16:00:24.660755] SYNC: Student Rahul Kumar (1075) | Total:0 Pres:0 New%:100.0
[2026-03-26 16:01:21.652149] SYNC: Student ravi (101) | Total:5 Pres:3 New%:60.0
[2026-03-26 16:01:21.657164] SYNC: Student Sravani (105) | Total:4 Pres:2 New%:50.0
[2026-03-26 16:01:21.661005] SYNC: Student Teja (201) | Total:1 Pres:1 New%:100.0
[2026-03-26 16:01:21.666434] SYNC: Student Sujatha (202) | Total:1 Pres:1 New%:100.0
[2026-03-26 16:01:21.669280] SYNC: Student Kavitha (203) | Total:1 Pres:1 New%:100.0
[2026-03-26 16:01:21.672395] SYNC: Student Praveen (204) | Total:1 Pres:1 New%:100.0
[2026-03-26 16:01:21.676923] SYNC: Student Praveen (301) | Total:0 Pres:0 New%:100.0
[2026-03-26 16:01:21.680225] SYNC: Student Suresh (302) | Total:0 Pres:0 New%:100.0
[2026-03-26 16:01:21.682239] SYNC: Student Harish (303) | Total:0 Pres:0 New%:100.0
[2026-03-26 16:01:21.686257] SYNC: Student Satish (304) | Total:0 Pres:0 New%:100.0
[2026-03-26 16:01:21.689410] SYNC: Student Suresh (401) | Total:0 Pres:0 New%:100.0
[2026-03-26 16:01:21.692997] SYNC: Student Lakshmi (402) | Total:0 Pres:0 New%:100.0
[2026-03-26 16:01:21.696302] SYNC: Student Mahesh (403) | Total:0 Pres:0 New%:100.0
[2026-03-26 16:01:21.696302] SYNC: Student Akhila (404) | Total:0 Pres:0 New%:100.0
[2026-03-26 16:01:21.703760] SYNC: Student Jyothi (405) | Total:0 Pres:0 New%:100.0
[2026-03-26 16:01:21.703760] SYNC: Student Naveen (501) | Total:0 Pres:0 New%:100.0
[2026-03-26 16:01:21.710178] SYNC: Student Jyothi (502) | Total:0 Pres:0 New%:100.0
[2026-03-26 16:01:21.713932] SYNC: Student Anitha (503) | Total:0 Pres:0 New%:100.0
[2026-03-26 16:01:21.716602] SYNC: Student Ganesh (504) | Total:0 Pres:0 New%:100.0
[2026-03-26 16:01:21.719452] SYNC: Student Teja (601) | Total:0 Pres:0 New%:100.0
[2026-03-26 16:01:21.724318] SYNC: Student Swathi (602) | Total:0 Pres:0 New%:100.0
[2026-03-26 16:01:21.727873] SYNC: Student Mahesh (603) | Total:0 Pres:0 New%:100.0
[2026-03-26 16:01:21.730803] SYNC: Student Rushithya (604) | Total:0 Pres:0 New%:100.0
[2026-03-26 16:01:21.734947] SYNC: Student Bhavani (701) | Total:0 Pres:0 New%:100.0
[2026-03-26 16:01:21.737438] SYNC: Student Radha (702) | Total:0 Pres:0 New%:100.0
[2026-03-26 16:01:21.740941] SYNC: Student Anitha (703) | Total:0 Pres:0 New%:100.0
[2026-03-26 16:01:21.744935] SYNC: Student Karthik (704) | Total:0 Pres:0 New%:100.0
[2026-03-26 16:01:21.748431] SYNC: Student Venkatesh (801) | Total:0 Pres:0 New%:100.0
[2026-03-26 16:01:21.748983] SYNC: Student Rushithya (802) | Total:0 Pres:0 New%:100.0
[2026-03-26 16:01:21.751886] SYNC: Student Rushithya (803) | Total:0 Pres:0 New%:100.0
[2026-03-26 16:01:21.756494] SYNC: Student Bhavani (804) | Total:0 Pres:0 New%:100.0
[2026-03-26 16:01:21.758370] SYNC: Student Kiran (901) | Total:0 Pres:0 New%:100.0
[2026-03-26 16:01:21.758370] SYNC: Student Radha (902) | Total:0 Pres:0 New%:100.0
[2026-03-26 16:01:21.765353] SYNC: Student Rajesh (903) | Total:0 Pres:0 New%:100.0
[2026-03-26 16:01:21.768505] SYNC: Student Rajesh (904) | Total:0 Pres:0 New%:100.0
[2026-03-26 16:01:21.769080] SYNC: Student Suresh (1001) | Total:0 Pres:0 New%:100.0
[2026-03-26 16:01:21.773784] SYNC: Student Sujatha (1002) | Total:0 Pres:0 New%:100.0
[2026-03-26 16:01:21.774856] SYNC: Student Praveen (1003) | Total:0 Pres:0 New%:100.0
[2026-03-26 16:01:21.777882] SYNC: Student Vennela (106) | Total:4 Pres:3 New%:75.0
[2026-03-26 16:01:21.781159] SYNC: Student Rahul Kumar (1075) | Total:0 Pres:0 New%:100.0
[2026-03-26 16:02:54.420935] SYNC: Student ravi (101) | Total:5 Pres:3 New%:60.0
[2026-03-26 16:02:54.427641] SYNC: Student Sravani (105) | Total:4 Pres:2 New%:50.0
[2026-03-26 16:02:54.438340] SYNC: Student Teja (201) | Total:1 Pres:1 New%:100.0
[2026-03-26 16:02:54.443373] SYNC: Student Sujatha (202) | Total:1 Pres:1 New%:100.0
[2026-03-26 16:02:54.448591] SYNC: Student Kavitha (203) | Total:1 Pres:1 New%:100.0
[2026-03-26 16:02:54.453975] SYNC: Student Praveen (204) | Total:1 Pres:1 New%:100.0
[2026-03-26 16:02:54.462020] SYNC: Student Praveen (301) | Total:0 Pres:0 New%:100.0
[2026-03-26 16:02:54.467651] SYNC: Student Suresh (302) | Total:0 Pres:0 New%:100.0
[2026-03-26 16:02:54.475883] SYNC: Student Harish (303) | Total:0 Pres:0 New%:100.0
[2026-03-26 16:02:54.482201] SYNC: Student Satish (304) | Total:0 Pres:0 New%:100.0
[2026-03-26 16:02:54.488899] SYNC: Student Suresh (401) | Total:0 Pres:0 New%:100.0
[2026-03-26 16:02:54.494799] SYNC: Student Lakshmi (402) | Total:0 Pres:0 New%:100.0
[2026-03-26 16:02:54.496874] SYNC: Student Mahesh (403) | Total:0 Pres:0 New%:100.0
[2026-03-26 16:02:54.502563] SYNC: Student Akhila (404) | Total:0 Pres:0 New%:100.0
[2026-03-26 16:02:54.504818] SYNC: Student Jyothi (405) | Total:0 Pres:0 New%:100.0
[2026-03-26 16:02:54.509701] SYNC: Student Naveen (501) | Total:0 Pres:0 New%:100.0
[2026-03-26 16:02:54.515753] SYNC: Student Jyothi (502) | Total:0 Pres:0 New%:100.0
[2026-03-26 16:02:54.519032] SYNC: Student Anitha (503) | Total:0 Pres:0 New%:100.0
[2026-03-26 16:02:54.524667] SYNC: Student Ganesh (504) | Total:0 Pres:0 New%:100.0
[2026-03-26 16:02:54.530248] SYNC: Student Teja (601) | Total:0 Pres:0 New%:100.0
[2026-03-26 16:02:54.534783] SYNC: Student Swathi (602) | Total:0 Pres:0 New%:100.0
[2026-03-26 16:02:54.541206] SYNC: Student Mahesh (603) | Total:0 Pres:0 New%:100.0
[2026-03-26 16:02:54.545836] SYNC: Student Rushithya (604) | Total:0 Pres:0 New%:100.0
[2026-03-26 16:02:54.548835] SYNC: Student Bhavani (701) | Total:0 Pres:0 New%:100.0
[2026-03-26 16:02:54.551997] SYNC: Student Radha (702) | Total:0 Pres:0 New%:100.0
[2026-03-26 16:02:54.556852] SYNC: Student Anitha (703) | Total:0 Pres:0 New%:100.0
[2026-03-26 16:02:54.562134] SYNC: Student Karthik (704) | Total:0 Pres:0 New%:100.0
[2026-03-26 16:02:54.566609] SYNC: Student Venkatesh (801) | Total:0 Pres:0 New%:100.0
[2026-03-26 16:02:54.570743] SYNC: Student Rushithya (802) | Total:0 Pres:0 New%:100.0
[2026-03-26 16:02:54.574915] SYNC: Student Rushithya (803) | Total:0 Pres:0 New%:100.0
[2026-03-26 16:02:54.578699] SYNC: Student Bhavani (804) | Total:0 Pres:0 New%:100.0
[2026-03-26 16:02:54.583417] SYNC: Student Kiran (901) | Total:0 Pres:0 New%:100.0
[2026-03-26 16:02:54.587363] SYNC: Student Radha (902) | Total:0 Pres:0 New%:100.0
[2026-03-26 16:02:54.590725] SYNC: Student Rajesh (903) | Total:0 Pres:0 New%:100.0
[2026-03-26 16:02:54.595264] SYNC: Student Rajesh (904) | Total:0 Pres:0 New%:100.0
[2026-03-26 16:02:54.599410] SYNC: Student Suresh (1001) | Total:0 Pres:0 New%:100.0
[2026-03-26 16:02:54.603934] SYNC: Student Sujatha (1002) | Total:0 Pres:0 New%:100.0
[2026-03-26 16:02:54.609356] SYNC: Student Praveen (1003) | Total:0 Pres:0 New%:100.0
[2026-03-26 16:02:54.613110] SYNC: Student Vennela (106) | Total:4 Pres:3 New%:75.0
[2026-03-26 16:02:54.619418] SYNC: Student Rahul Kumar (1075) | Total:0 Pres:0 New%:100.0
[2026-03-26 16:05:53.062334] SYNC: Student ravi (101) | Total:5 Pres:3 New%:60.0
[2026-03-26 16:05:53.068794] SYNC: Student Sravani (105) | Total:4 Pres:2 New%:50.0
[2026-03-26 16:05:53.078976] SYNC: Student Vennela (106) | Total:4 Pres:3 New%:75.0
[2026-03-26 16:06:09.674204] SYNC: Student ravi (101) | Total:5 Pres:4 New%:80.0
[2026-03-26 16:06:09.690892] SYNC: Student Sravani (105) | Total:4 Pres:3 New%:75.0
[2026-03-26 16:06:09.701963] SYNC: Student Vennela (106) | Total:4 Pres:4 New%:100.0
[2026-03-26 16:06:22.031334] SYNC: Student ravi (101) | Total:5 Pres:4 New%:80.0
[2026-03-26 16:06:22.041450] SYNC: Student Sravani (105) | Total:4 Pres:3 New%:75.0
[2026-03-26 16:06:22.051817] SYNC: Student Vennela (106) | Total:4 Pres:4 New%:100.0
[2026-03-26 16:06:29.822151] SYNC: Student ravi (101) | Total:5 Pres:4 New%:80.0
[2026-03-26 16:06:29.827820] SYNC: Student Sravani (105) | Total:4 Pres:2 New%:50.0
[2026-03-26 16:06:29.845213] SYNC: Student Vennela (106) | Total:4 Pres:4 New%:100.0
[2026-03-26 16:06:37.816936] SYNC: Student ravi (101) | Total:5 Pres:4 New%:80.0
[2026-03-26 16:06:37.830398] SYNC: Student Sravani (105) | Total:4 Pres:3 New%:75.0
[2026-03-26 16:06:37.844940] SYNC: Student Vennela (106) | Total:4 Pres:3 New%:75.0
[2026-03-26 16:06:59.521410] SYNC: Student ravi (101) | Total:5 Pres:3 New%:60.0
[2026-03-26 16:06:59.537646] SYNC: Student Sravani (105) | Total:4 Pres:3 New%:75.0
[2026-03-26 16:06:59.544946] SYNC: Student Vennela (106) | Total:4 Pres:3 New%:75.0
[2026-03-26 16:36:44.057514] SYNC: Student ravi (101) | Total:5 Pres:3 New%:60.0
[2026-03-26 16:36:44.071322] SYNC: Student Sravani (105) | Total:4 Pres:3 New%:75.0
[2026-03-26 16:36:44.079262] SYNC: Student Vennela (106) | Total:4 Pres:3 New%:75.0
[2026-03-26 16:36:50.194103] SYNC: Student ravi (101) | Total:5 Pres:3 New%:60.0
[2026-03-26 16:36:50.206519] SYNC: Student Sravani (105) | Total:4 Pres:2 New%:50.0
[2026-03-26 16:36:50.218810] SYNC: Student Vennela (106) | Total:4 Pres:3 New%:75.0
[2026-03-26 16:36:57.459933] SYNC: Student ravi (101) | Total:5 Pres:3 New%:60.0
[2026-03-26 16:36:57.468895] SYNC: Student Sravani (105) | Total:4 Pres:2 New%:50.0
[2026-03-26 16:36:57.485823] SYNC: Student Vennela (106) | Total:4 Pres:3 New%:75.0
[2026-03-27 09:13:15.492477] SYNC: Student ravi (101) | Total:6 Pres:4 New%:66.67
[2026-03-27 09:13:15.507132] SYNC: Student Sravani (105) | Total:5 Pres:3 New%:60.0
[2026-03-27 09:13:15.524725] SYNC: Student Vennela (106) | Total:5 Pres:4 New%:80.0
[2026-03-27 09:15:39.708639] SYNC: Student ravii (102) | Total:0 Pres:0 New%:100.0
[2026-03-27 09:18:43.280443] SYNC: Student ravi (101) | Total:6 Pres:3 New%:50.0
[2026-03-27 09:18:43.293220] SYNC: Student Sravani (105) | Total:5 Pres:2 New%:40.0
[2026-03-27 09:18:43.312123] SYNC: Student Vennela (106) | Total:5 Pres:3 New%:60.0
[2026-03-27 09:18:43.326977] SYNC: Student ravii (102) | Total:1 Pres:1 New%:100.0
[2026-03-27 09:18:52.889271] SYNC: Student ravi (101) | Total:6 Pres:3 New%:50.0
[2026-03-27 09:18:52.897497] SYNC: Student Sravani (105) | Total:5 Pres:2 New%:40.0
[2026-03-27 09:18:52.906426] SYNC: Student Vennela (106) | Total:5 Pres:3 New%:60.0
[2026-03-27 09:18:52.915580] SYNC: Student ravii (102) | Total:1 Pres:0 New%:0.0
[2026-03-27 09:36:59.565473] SYNC: Student ravi (101) | Total:6 Pres:4 New%:66.67
[2026-03-27 09:36:59.578255] SYNC: Student Sravani (105) | Total:5 Pres:3 New%:60.0
[2026-03-27 09:36:59.591865] SYNC: Student Vennela (106) | Total:5 Pres:4 New%:80.0
[2026-03-27 09:36:59.605703] SYNC: Student ravii (102) | Total:1 Pres:1 New%:100.0
[2026-03-27 09:49:45.428470] SYNC: Student ravi (101) | Total:6 Pres:4 New%:66.67
[2026-03-27 10:09:02.241731] SYNC: Student jaya (103) | Total:0 Pres:0 New%:100.0
[2026-03-27 10:09:13.842872] SYNC: Student ravi (101) | Total:6 Pres:3 New%:50.0
[2026-03-27 10:09:13.848877] SYNC: Student Sravani (105) | Total:5 Pres:2 New%:40.0
[2026-03-27 10:09:13.855580] SYNC: Student Vennela (106) | Total:5 Pres:3 New%:60.0
[2026-03-27 10:09:13.863486] SYNC: Student ravii (102) | Total:1 Pres:0 New%:0.0
[2026-03-27 10:09:13.876736] SYNC: Student jaya (103) | Total:1 Pres:0 New%:0.0
[2026-03-28 09:36:00.296735] SYNC: Student Teja (201) | Total:2 Pres:1 New%:50.0
[2026-03-28 09:36:00.318500] SYNC: Student Sujatha (202) | Total:2 Pres:1 New%:50.0
[2026-03-28 09:36:00.334583] SYNC: Student Kavitha (203) | Total:2 Pres:1 New%:50.0
[2026-03-28 09:36:00.353522] SYNC: Student Praveen (204) | Total:2 Pres:1 New%:50.0
[2026-03-28 09:36:13.508598] SYNC: Student Teja (201) | Total:2 Pres:1 New%:50.0
[2026-03-28 09:36:13.523036] SYNC: Student Sujatha (202) | Total:2 Pres:1 New%:50.0
[2026-03-28 09:36:13.533875] SYNC: Student Kavitha (203) | Total:2 Pres:1 New%:50.0
[2026-03-28 09:36:13.546491] SYNC: Student Praveen (204) | Total:2 Pres:1 New%:50.0
[2026-03-28 09:36:21.906794] SYNC: Student Teja (201) | Total:2 Pres:2 New%:100.0
[2026-03-28 09:36:21.923851] SYNC: Student Sujatha (202) | Total:2 Pres:1 New%:50.0
[2026-03-28 09:36:21.935796] SYNC: Student Kavitha (203) | Total:2 Pres:2 New%:100.0
[2026-03-28 09:36:21.948377] SYNC: Student Praveen (204) | Total:2 Pres:1 New%:50.0
[2026-03-28 09:36:58.463539] SYNC: Student Teja (201) | Total:2 Pres:1 New%:50.0
[2026-03-28 09:36:58.479438] SYNC: Student Sujatha (202) | Total:2 Pres:1 New%:50.0
[2026-03-28 09:36:58.496414] SYNC: Student Kavitha (203) | Total:2 Pres:1 New%:50.0
[2026-03-28 09:36:58.515024] SYNC: Student Praveen (204) | Total:2 Pres:1 New%:50.0
[2026-03-28 09:37:06.360426] SYNC: Student Teja (201) | Total:2 Pres:1 New%:50.0
[2026-03-28 09:37:06.371100] SYNC: Student Sujatha (202) | Total:2 Pres:1 New%:50.0
[2026-03-28 09:37:06.379371] SYNC: Student Kavitha (203) | Total:2 Pres:1 New%:50.0
[2026-03-28 09:37:06.391340] SYNC: Student Praveen (204) | Total:2 Pres:1 New%:50.0
[2026-03-28 09:44:09.738697] SYNC: Student Teja (201) | Total:2 Pres:1 New%:50.0
[2026-03-28 09:44:09.753553] SYNC: Student Sujatha (202) | Total:2 Pres:1 New%:50.0
[2026-03-28 09:44:09.767440] SYNC: Student Kavitha (203) | Total:2 Pres:1 New%:50.0
[2026-03-28 09:44:09.777883] SYNC: Student Praveen (204) | Total:2 Pres:1 New%:50.0
[2026-03-28 09:44:21.134412] SYNC: Student Teja (201) | Total:2 Pres:1 New%:50.0
[2026-03-28 09:44:21.146648] SYNC: Student Sujatha (202) | Total:2 Pres:1 New%:50.0
[2026-03-28 09:44:21.160035] SYNC: Student Kavitha (203) | Total:2 Pres:1 New%:50.0
[2026-03-28 09:44:21.173817] SYNC: Student Praveen (204) | Total:2 Pres:1 New%:50.0
[2026-03-28 09:45:31.812040] SYNC: Student Teja (201) | Total:2 Pres:2 New%:100.0
[2026-03-28 09:45:31.832598] SYNC: Student Sujatha (202) | Total:2 Pres:2 New%:100.0
[2026-03-28 09:45:31.846530] SYNC: Student Kavitha (203) | Total:2 Pres:2 New%:100.0
[2026-03-28 09:45:31.866449] SYNC: Student Praveen (204) | Total:2 Pres:2 New%:100.0
[2026-03-28 09:50:15.154670] SYNC: Student Teja (201) | Total:2 Pres:1 New%:50.0
[2026-03-28 09:50:15.165950] SYNC: Student Sujatha (202) | Total:2 Pres:1 New%:50.0
[2026-03-28 09:50:15.172752] SYNC: Student Kavitha (203) | Total:2 Pres:2 New%:100.0
[2026-03-28 09:50:15.178623] SYNC: Student Praveen (204) | Total:2 Pres:2 New%:100.0
[2026-03-28 09:50:21.817862] SYNC: Student Teja (201) | Total:2 Pres:1 New%:50.0
[2026-03-28 09:50:21.821328] SYNC: Student Sujatha (202) | Total:2 Pres:1 New%:50.0
[2026-03-28 09:50:21.827948] SYNC: Student Kavitha (203) | Total:2 Pres:1 New%:50.0
[2026-03-28 09:50:21.834873] SYNC: Student Praveen (204) | Total:2 Pres:1 New%:50.0
[2026-03-28 09:50:27.639193] SYNC: Student Teja (201) | Total:2 Pres:1 New%:50.0
[2026-03-28 09:50:27.645702] SYNC: Student Sujatha (202) | Total:2 Pres:1 New%:50.0
[2026-03-28 09:50:27.653925] SYNC: Student Kavitha (203) | Total:2 Pres:1 New%:50.0
[2026-03-28 09:50:27.661136] SYNC: Student Praveen (204) | Total:2 Pres:1 New%:50.0
[2026-03-28 09:52:24.368837] SYNC: Student Teja (201) | Total:2 Pres:1 New%:50.0
[2026-03-28 09:52:24.377768] SYNC: Student Sujatha (202) | Total:2 Pres:1 New%:50.0
[2026-03-28 09:52:24.380030] SYNC: Student Kavitha (203) | Total:2 Pres:1 New%:50.0
[2026-03-28 09:52:24.391307] SYNC: Student Praveen (204) | Total:2 Pres:1 New%:50.0
[2026-03-28 09:52:37.760714] SYNC: Student Teja (201) | Total:2 Pres:2 New%:100.0
[2026-03-28 09:52:37.778699] SYNC: Student Sujatha (202) | Total:2 Pres:2 New%:100.0
[2026-03-28 09:52:37.788259] SYNC: Student Kavitha (203) | Total:2 Pres:2 New%:100.0
[2026-03-28 09:52:37.802384] SYNC: Student Praveen (204) | Total:2 Pres:2 New%:100.0
[2026-03-28 09:52:47.540622] SYNC: Student Teja (201) | Total:2 Pres:1 New%:50.0
[2026-03-28 09:52:47.552510] SYNC: Student Sujatha (202) | Total:2 Pres:1 New%:50.0
[2026-03-28 09:52:47.562016] SYNC: Student Kavitha (203) | Total:2 Pres:2 New%:100.0
[2026-03-28 09:52:47.573012] SYNC: Student Praveen (204) | Total:2 Pres:2 New%:100.0
[2026-03-28 09:54:55.588707] SYNC: Student Teja (201) | Total:2 Pres:1 New%:50.0
[2026-03-28 09:54:55.596211] SYNC: Student Sujatha (202) | Total:2 Pres:1 New%:50.0
[2026-03-28 09:54:55.603708] SYNC: Student Kavitha (203) | Total:2 Pres:2 New%:100.0
[2026-03-28 09:54:55.613687] SYNC: Student Praveen (204) | Total:2 Pres:2 New%:100.0
[2026-03-28 10:05:29.389643] SYNC: Student Teja (201) | Total:2 Pres:1 New%:50.0
[2026-03-28 10:05:29.399337] SYNC: Student Sujatha (202) | Total:2 Pres:1 New%:50.0
[2026-03-28 10:05:29.409094] SYNC: Student Kavitha (203) | Total:2 Pres:2 New%:100.0
[2026-03-28 10:05:29.417368] SYNC: Student Praveen (204) | Total:2 Pres:2 New%:100.0
[2026-03-28 10:05:42.787401] SYNC: Student Teja (201) | Total:2 Pres:1 New%:50.0
[2026-03-28 10:05:42.798133] SYNC: Student Sujatha (202) | Total:2 Pres:1 New%:50.0
[2026-03-28 10:05:42.807519] SYNC: Student Kavitha (203) | Total:2 Pres:2 New%:100.0
[2026-03-28 10:05:42.814580] SYNC: Student Praveen (204) | Total:2 Pres:2 New%:100.0
[2026-03-28 10:05:59.803527] SYNC: Student Teja (201) | Total:2 Pres:1 New%:50.0
[2026-03-28 10:05:59.811122] SYNC: Student Sujatha (202) | Total:2 Pres:1 New%:50.0
[2026-03-28 10:05:59.821486] SYNC: Student Kavitha (203) | Total:2 Pres:2 New%:100.0
[2026-03-28 10:05:59.833220] SYNC: Student Praveen (204) | Total:2 Pres:2 New%:100.0
[2026-03-28 10:08:12.193165] SYNC: Student ravi (101) | Total:6 Pres:3 New%:50.0
[2026-03-28 10:08:12.202209] SYNC: Student Sravani (105) | Total:5 Pres:2 New%:40.0
[2026-03-28 10:08:12.211247] SYNC: Student Vennela (106) | Total:5 Pres:3 New%:60.0
[2026-03-28 10:08:12.222109] SYNC: Student ravii (102) | Total:1 Pres:0 New%:0.0
[2026-03-28 10:08:12.230756] SYNC: Student jaya (103) | Total:1 Pres:0 New%:0.0
[2026-03-28 10:08:24.168090] SYNC: Student ravi (101) | Total:6 Pres:3 New%:50.0
[2026-03-28 10:08:24.175675] SYNC: Student Sravani (105) | Total:5 Pres:2 New%:40.0
[2026-03-28 10:08:24.182774] SYNC: Student Vennela (106) | Total:5 Pres:3 New%:60.0
[2026-03-28 10:08:24.189422] SYNC: Student ravii (102) | Total:1 Pres:0 New%:0.0
[2026-03-28 10:08:24.195836] SYNC: Student jaya (103) | Total:1 Pres:0 New%:0.0
[2026-03-28 10:11:18.588060] SYNC: Student Teja (201) | Total:2 Pres:2 New%:100.0
[2026-03-28 10:11:18.607172] SYNC: Student Sujatha (202) | Total:2 Pres:2 New%:100.0
[2026-03-28 10:11:18.622740] SYNC: Student Kavitha (203) | Total:2 Pres:2 New%:100.0
[2026-03-28 10:11:18.633716] SYNC: Student Praveen (204) | Total:2 Pres:2 New%:100.0
[2026-03-28 10:11:28.301287] SYNC: Student Teja (201) | Total:2 Pres:1 New%:50.0
[2026-03-28 10:11:28.319546] SYNC: Student Sujatha (202) | Total:2 Pres:1 New%:50.0
[2026-03-28 10:11:28.330298] SYNC: Student Kavitha (203) | Total:2 Pres:2 New%:100.0
[2026-03-28 10:11:28.342552] SYNC: Student Praveen (204) | Total:2 Pres:2 New%:100.0
[2026-03-28 10:11:35.494569] SYNC: Student Teja (201) | Total:2 Pres:1 New%:50.0
[2026-03-28 10:11:35.506228] SYNC: Student Sujatha (202) | Total:2 Pres:1 New%:50.0
[2026-03-28 10:11:35.517280] SYNC: Student Kavitha (203) | Total:2 Pres:2 New%:100.0
[2026-03-28 10:11:35.527121] SYNC: Student Praveen (204) | Total:2 Pres:2 New%:100.0
[2026-03-28 10:46:41.570794] SYNC: Student ravi (101) | Total:6 Pres:3 New%:50.0
[2026-03-28 10:46:41.583542] SYNC: Student Sravani (105) | Total:5 Pres:2 New%:40.0
[2026-03-28 10:46:41.594848] SYNC: Student Vennela (106) | Total:5 Pres:3 New%:60.0
[2026-03-28 10:46:41.608669] SYNC: Student ravii (102) | Total:1 Pres:0 New%:0.0
[2026-03-28 10:46:41.619422] SYNC: Student jaya (103) | Total:1 Pres:0 New%:0.0
[2026-03-28 10:47:02.234195] SYNC: Student ravi (101) | Total:1 Pres:1 New%:100.0
[2026-03-28 10:47:02.249416] SYNC: Student Sravani (105) | Total:1 Pres:1 New%:100.0
[2026-03-28 10:47:02.260896] SYNC: Student Vennela (106) | Total:1 Pres:1 New%:100.0
[2026-03-28 10:47:02.276539] SYNC: Student ravii (102) | Total:1 Pres:1 New%:100.0
[2026-03-28 10:47:02.283235] SYNC: Student jaya (103) | Total:1 Pres:1 New%:100.0
[2026-03-28 10:47:31.223361] SYNC: Student ravi (101) | Total:1 Pres:1 New%:100.0
[2026-03-28 10:47:31.232331] SYNC: Student Sravani (105) | Total:1 Pres:1 New%:100.0
[2026-03-28 10:47:31.241208] SYNC: Student Vennela (106) | Total:1 Pres:1 New%:100.0
[2026-03-28 10:47:31.247171] SYNC: Student ravii (102) | Total:1 Pres:1 New%:100.0
[2026-03-28 10:47:31.253621] SYNC: Student jaya (103) | Total:1 Pres:1 New%:100.0
[2026-03-28 12:16:43.630633] SYNC: Student Teja (201) | Total:1 Pres:1 New%:100.0
[2026-03-28 12:16:43.655226] SYNC: Student Sujatha (202) | Total:1 Pres:1 New%:100.0
[2026-03-28 12:16:43.668920] SYNC: Student Kavitha (203) | Total:1 Pres:1 New%:100.0
[2026-03-28 12:16:43.680549] SYNC: Student Praveen (204) | Total:1 Pres:1 New%:100.0
[2026-03-28 12:16:52.868409] SYNC: Student Teja (201) | Total:1 Pres:0 New%:0.0
[2026-03-28 12:16:52.883124] SYNC: Student Sujatha (202) | Total:1 Pres:0 New%:0.0
[2026-03-28 12:16:52.894244] SYNC: Student Kavitha (203) | Total:1 Pres:1 New%:100.0
[2026-03-28 12:16:52.907525] SYNC: Student Praveen (204) | Total:1 Pres:1 New%:100.0
[2026-03-28 12:17:05.051247] SYNC: Student Teja (201) | Total:1 Pres:1 New%:100.0
[2026-03-28 12:17:05.066400] SYNC: Student Sujatha (202) | Total:1 Pres:1 New%:100.0
[2026-03-28 12:17:05.079917] SYNC: Student Kavitha (203) | Total:1 Pres:0 New%:0.0
[2026-03-28 12:17:05.100048] SYNC: Student Praveen (204) | Total:1 Pres:1 New%:100.0
[2026-03-28 12:18:17.743576] SYNC: Student Teja (201) | Total:1 Pres:0 New%:0.0
[2026-03-28 12:18:17.758728] SYNC: Student Sujatha (202) | Total:1 Pres:0 New%:0.0
[2026-03-28 12:18:17.773627] SYNC: Student Kavitha (203) | Total:1 Pres:0 New%:0.0
[2026-03-28 12:18:17.785260] SYNC: Student Praveen (204) | Total:1 Pres:1 New%:100.0
[2026-03-28 12:39:09.254804] SYNC: Student Teja (201) | Total:2 Pres:0 New%:0.0
[2026-03-28 12:39:09.274933] SYNC: Student Sujatha (202) | Total:2 Pres:0 New%:0.0
[2026-03-28 12:39:09.286031] SYNC: Student Kavitha (203) | Total:2 Pres:1 New%:50.0
[2026-03-28 12:39:09.304391] SYNC: Student Praveen (204) | Total:2 Pres:2 New%:100.0
[2026-03-28 12:39:18.246980] SYNC: Student Teja (201) | Total:3 Pres:0 New%:0.0
[2026-03-28 12:39:18.263889] SYNC: Student Sujatha (202) | Total:3 Pres:0 New%:0.0
[2026-03-28 12:39:18.282211] SYNC: Student Kavitha (203) | Total:3 Pres:1 New%:33.33
[2026-03-28 12:39:18.294804] SYNC: Student Praveen (204) | Total:3 Pres:2 New%:66.67
[2026-03-28 12:39:36.995673] SYNC: Student Teja (201) | Total:4 Pres:1 New%:25.0
[2026-03-28 12:39:37.012156] SYNC: Student Sujatha (202) | Total:4 Pres:1 New%:25.0
[2026-03-28 12:39:37.026756] SYNC: Student Kavitha (203) | Total:4 Pres:2 New%:50.0
[2026-03-28 12:39:37.036275] SYNC: Student Praveen (204) | Total:4 Pres:3 New%:75.0
[2026-03-28 12:45:32.225503] SYNC: Student ravi (101) | Total:1 Pres:0 New%:0.0
[2026-03-28 12:45:32.244015] SYNC: Student Sravani (105) | Total:1 Pres:0 New%:0.0
[2026-03-28 12:45:32.258853] SYNC: Student Vennela (106) | Total:1 Pres:1 New%:100.0
[2026-03-28 12:45:32.275207] SYNC: Student ravii (102) | Total:2 Pres:1 New%:50.0
[2026-03-28 12:45:32.290471] SYNC: Student jaya (103) | Total:2 Pres:2 New%:100.0
[2026-03-28 12:45:44.013389] SYNC: Student ravi (101) | Total:2 Pres:0 New%:0.0
[2026-03-28 12:45:44.028135] SYNC: Student Sravani (105) | Total:2 Pres:1 New%:50.0
[2026-03-28 12:45:44.045991] SYNC: Student Vennela (106) | Total:2 Pres:2 New%:100.0
[2026-03-28 12:45:44.055662] SYNC: Student ravii (102) | Total:3 Pres:1 New%:33.33
[2026-03-28 12:45:44.075830] SYNC: Student jaya (103) | Total:3 Pres:3 New%:100.0
[2026-03-28 12:47:08.896513] SYNC: Student ravi (101) | Total:3 Pres:1 New%:33.33
[2026-03-28 12:47:08.907740] SYNC: Student Sravani (105) | Total:3 Pres:2 New%:66.67
[2026-03-28 12:47:08.939592] SYNC: Student Vennela (106) | Total:3 Pres:3 New%:100.0
[2026-03-28 12:47:08.951619] SYNC: Student ravii (102) | Total:4 Pres:1 New%:25.0
[2026-03-28 12:47:08.968813] SYNC: Student jaya (103) | Total:4 Pres:4 New%:100.0
[2026-03-30 09:12:34.681593] SYNC: Student radha (205) | Total:0 Pres:0 New%:100.0
[2026-03-30 09:12:57.080168] SYNC: Student Teja (201) | Total:5 Pres:2 New%:40.0
[2026-03-30 09:12:57.096103] SYNC: Student Sujatha (202) | Total:5 Pres:1 New%:20.0
[2026-03-30 09:12:57.117912] SYNC: Student Kavitha (203) | Total:5 Pres:2 New%:40.0
[2026-03-30 09:12:57.130103] SYNC: Student Praveen (204) | Total:5 Pres:3 New%:60.0
[2026-03-30 09:12:57.146937] SYNC: Student radha (205) | Total:1 Pres:0 New%:0.0
[2026-03-30 09:12:58.674855] SYNC: Student Teja (201) | Total:6 Pres:3 New%:50.0
[2026-03-30 09:12:58.695572] SYNC: Student Sujatha (202) | Total:6 Pres:1 New%:16.67
[2026-03-30 09:12:58.711344] SYNC: Student Kavitha (203) | Total:6 Pres:2 New%:33.33
[2026-03-30 09:12:58.727663] SYNC: Student Praveen (204) | Total:6 Pres:3 New%:50.0
[2026-03-30 09:12:58.743926] SYNC: Student radha (205) | Total:2 Pres:0 New%:0.0
[2026-03-30 09:50:07.719378] SYNC: Student ravi (101) | Total:4 Pres:1 New%:25.0
[2026-03-30 09:50:07.742513] SYNC: Student Sravani (105) | Total:4 Pres:2 New%:50.0
[2026-03-30 09:50:07.753969] SYNC: Student Vennela (106) | Total:4 Pres:3 New%:75.0
[2026-03-30 09:50:07.773693] SYNC: Student ravii (102) | Total:5 Pres:1 New%:20.0
[2026-03-30 09:50:07.781916] SYNC: Student jaya (103) | Total:5 Pres:4 New%:80.0
[2026-03-30 13:22:25.978031] SYNC: Student nani (601) | Total:0 Pres:0 New%:100.0
[2026-03-30 14:52:48.767165] SYNC: Student Dhanush (701) | Total:0 Pres:0 New%:100.0
[2026-03-30 14:55:45.410369] SYNC: Student Dhanush (701) | Total:1 Pres:1 New%:100.0
[2026-03-30 14:55:48.429431] SYNC: Student Dhanush (701) | Total:2 Pres:2 New%:100.0
[2026-03-30 14:55:52.223648] SYNC: Student Dhanush (701) | Total:3 Pres:2 New%:66.67
[2026-03-30 14:55:55.603063] SYNC: Student Dhanush (701) | Total:4 Pres:2 New%:50.0
[2026-03-30 14:56:24.781152] SYNC: Student Dhanush (701) | Total:5 Pres:2 New%:40.0
[2026-03-30 15:12:36.260965] SYNC: Student Dhanush (701) | Total:6 Pres:2 New%:33.33
[2026-03-30 15:13:18.328500] SYNC: Student Dhanush (701) | Total:7 Pres:3 New%:42.86
[2026-03-30 15:13:18.845566] SYNC: Student Dhanush (701) | Total:8 Pres:4 New%:50.0
[2026-03-30 15:13:19.727663] SYNC: Student Dhanush (701) | Total:9 Pres:5 New%:55.56
[2026-03-30 15:13:37.666854] SYNC: Student Dhanush (701) | Total:10 Pres:5 New%:50.0
[2026-03-30 17:38:19.434006] SYNC: Student ravi (101) | Total:5 Pres:2 New%:40.0
[2026-03-30 17:38:19.448670] SYNC: Student Sravani (105) | Total:5 Pres:3 New%:60.0
[2026-03-30 17:38:19.462542] SYNC: Student Vennela (106) | Total:5 Pres:3 New%:60.0
[2026-03-30 17:38:19.478502] SYNC: Student jaya (103) | Total:6 Pres:4 New%:66.67
[2026-03-30 21:10:08.068310] SYNC: Student Teja (201) | Total:7 Pres:4 New%:57.14
[2026-03-30 21:10:08.088120] SYNC: Student Sujatha (202) | Total:7 Pres:1 New%:14.29
[2026-03-30 21:10:08.098809] SYNC: Student Kavitha (203) | Total:7 Pres:2 New%:28.57
[2026-03-30 21:10:08.119414] SYNC: Student Praveen (204) | Total:7 Pres:3 New%:42.86
[2026-03-30 21:10:08.133006] SYNC: Student radha (205) | Total:3 Pres:0 New%:0.0
[2026-03-30 22:57:48.630317] SYNC: Student Teja (201) | Total:8 Pres:5 New%:62.5
[2026-03-30 22:57:48.639100] SYNC: Student Sujatha (202) | Total:8 Pres:1 New%:12.5
[2026-03-30 22:57:48.648921] SYNC: Student Kavitha (203) | Total:8 Pres:2 New%:25.0
[2026-03-30 22:57:48.656957] SYNC: Student Praveen (204) | Total:8 Pres:4 New%:50.0
[2026-03-30 22:57:48.670016] SYNC: Student radha (205) | Total:4 Pres:1 New%:25.0
[2026-03-30 23:24:41.992768] SYNC: Student ravi (101) | Total:6 Pres:3 New%:50.0
[2026-03-30 23:24:42.004243] SYNC: Student Sravani (105) | Total:6 Pres:4 New%:66.67
[2026-03-30 23:24:42.012054] SYNC: Student Vennela (106) | Total:6 Pres:4 New%:66.67
[2026-03-30 23:24:42.024635] SYNC: Student jaya (103) | Total:7 Pres:5 New%:71.43
[2026-03-31 10:27:13.570968] SYNC: Student ravi (101) | Total:7 Pres:3 New%:42.86
[2026-03-31 10:27:13.588594] SYNC: Student Sravani (105) | Total:7 Pres:5 New%:71.43
[2026-03-31 10:27:13.608023] SYNC: Student Vennela (106) | Total:7 Pres:4 New%:57.14
[2026-03-31 10:27:13.624904] SYNC: Student jaya (103) | Total:8 Pres:6 New%:75.0
[2026-03-31 12:20:26.312246] SYNC: Student Vennela (106) | Total:7 Pres:4 New%:57.14
[2026-03-31 12:26:00.161616] SYNC: Student qw (108) | Total:0 Pres:0 New%:100.0
[2026-03-31 12:26:53.271649] SYNC: Student ravi (108) | Total:0 Pres:0 New%:100.0
[2026-04-01 20:56:14.293033] SYNC: Student Rahul (1001) | Total:0 Pres:0 New%:100.0
[2026-04-01 20:58:14.728375] SYNC: Student Rahul Updated (101) | Total:7 Pres:3 New%:42.86
[2026-04-01 21:06:39.656013] SYNC: Student Rahul Updated (101) | Total:1 Pres:1 New%:100.0
[2026-04-01 21:16:53.751466] SYNC: Student Rahul Updated (101) | Total:2 Pres:2 New%:100.0
